2017-05-05 21-40 +08:00: connection error { DisconnectedError: Ran out of retries trying to reconnect to "123.206.217.94:27017". Try setting `server.reconnectTries` and `server.reconnectInterval` to something higher.
    at MongooseError.DisconnectedError (/Users/Macx/Desktop/tim/testTim/Tim/node_modules/mongoose/lib/error/disconnected.js:21:11)
    at Server.<anonymous> (/Users/Macx/Desktop/tim/testTim/Tim/node_modules/mongoose/lib/drivers/node-mongodb-native/connection.js:64:31)
    at emitOne (events.js:101:20)
    at Server.emit (events.js:188:7)
    at Pool.<anonymous> (/Users/Macx/Desktop/tim/testTim/Tim/node_modules/mongodb-core/lib/topologies/server.js:318:16)
    at emitOne (events.js:96:13)
    at Pool.emit (events.js:188:7)
    at Connection.<anonymous> (/Users/Macx/Desktop/tim/testTim/Tim/node_modules/mongodb-core/lib/connection/pool.js:309:16)
    at emitTwo (events.js:106:13)
    at Connection.emit (events.js:191:7)
    at Socket.<anonymous> (/Users/Macx/Desktop/tim/testTim/Tim/node_modules/mongodb-core/lib/connection/connection.js:177:49)
    at Socket.g (events.js:291:16)
    at emitOne (events.js:96:13)
    at Socket.emit (events.js:188:7)
    at emitErrorNT (net.js:1278:8)
    at _combinedTickCallback (internal/process/next_tick.js:74:11)
    at process._tickDomainCallback (internal/process/next_tick.js:122:9)
  message: 'Ran out of retries trying to reconnect to "123.206.217.94:27017". Try setting `server.reconnectTries` and `server.reconnectInterval` to something higher.',
  name: 'DisconnectedError' }
